<?xml version="1.0" encoding="UTF-8"?>
<!-- Generated by org.testng.reporters.JUnitXMLReporter -->
<testsuite ignored="0" hostname="LAP-KARTHIGA" failures="0" tests="5" name="Default test" time="5.275" errors="0" timestamp="2022-10-14T17:52:48 CDT">
  <testcase classname="org.javapratices.RestProject.Test01_GET" name="test_01" time="2.336"/>
  <testcase classname="org.javapratices.RestProject.Test01_GET" name="test_02_Get" time="1.409"/>
  <testcase classname="org.javapratices.RestProject.Test01_GET" name="test_03_delete" time="0.461"/>
  <testcase classname="org.javapratices.RestProject.Test01_GET" name="test_03_post" time="0.498"/>
  <testcase classname="org.javapratices.RestProject.Test01_GET" name="test_03_put" time="0.458"/>
</testsuite> <!-- Default test -->
