<?xml version="1.0" encoding="UTF-8"?>
<testng-results ignored="0" total="5" passed="5" failed="0" skipped="0">
  <reporter-output>
  </reporter-output>
  <suite started-at="2022-10-14T17:52:43 CDT" name="Default suite" finished-at="2022-10-14T17:52:48 CDT" duration-ms="5275">
    <groups>
    </groups>
    <test started-at="2022-10-14T17:52:43 CDT" name="Default test" finished-at="2022-10-14T17:52:48 CDT" duration-ms="5275">
      <class name="org.javapratices.RestProject.Test01_GET">
        <test-method signature="test_01()[pri:0, instance:org.javapratices.RestProject.Test01_GET@618425b5]" started-at="2022-10-14T17:52:43 CDT" name="test_01" finished-at="2022-10-14T17:52:45 CDT" duration-ms="2336" status="PASS">
          <reporter-output>
          </reporter-output>
        </test-method> <!-- test_01 -->
        <test-method signature="test_02_Get()[pri:0, instance:org.javapratices.RestProject.Test01_GET@618425b5]" started-at="2022-10-14T17:52:45 CDT" name="test_02_Get" finished-at="2022-10-14T17:52:47 CDT" duration-ms="1409" status="PASS">
          <reporter-output>
          </reporter-output>
        </test-method> <!-- test_02_Get -->
        <test-method signature="test_03_delete()[pri:0, instance:org.javapratices.RestProject.Test01_GET@618425b5]" started-at="2022-10-14T17:52:47 CDT" name="test_03_delete" finished-at="2022-10-14T17:52:47 CDT" duration-ms="461" status="PASS">
          <reporter-output>
          </reporter-output>
        </test-method> <!-- test_03_delete -->
        <test-method signature="test_03_post()[pri:0, instance:org.javapratices.RestProject.Test01_GET@618425b5]" started-at="2022-10-14T17:52:47 CDT" name="test_03_post" finished-at="2022-10-14T17:52:48 CDT" duration-ms="498" status="PASS">
          <reporter-output>
          </reporter-output>
        </test-method> <!-- test_03_post -->
        <test-method signature="test_03_put()[pri:0, instance:org.javapratices.RestProject.Test01_GET@618425b5]" started-at="2022-10-14T17:52:48 CDT" name="test_03_put" finished-at="2022-10-14T17:52:48 CDT" duration-ms="458" status="PASS">
          <reporter-output>
          </reporter-output>
        </test-method> <!-- test_03_put -->
      </class> <!-- org.javapratices.RestProject.Test01_GET -->
    </test> <!-- Default test -->
  </suite> <!-- Default suite -->
</testng-results>
